2022-02-15 00:03:24.739  INFO 89516 --- [http-nio-8080-exec-9] com.moyang.zero.auth.filter.JwtFilter    : 用户已经登录系统...
2022-02-15 00:03:24.776  INFO 89516 --- [http-nio-8080-exec-9] com.moyang.zero.auth.filter.JwtFilter    : Login ...
2022-02-15 00:03:24.777  INFO 89516 --- [http-nio-8080-exec-9] com.moyang.zero.auth.realm.MyRealm       : user request doGetAuthenticationInfo 认证........................
2022-02-15 00:03:24.829  WARN 89516 --- [http-nio-8080-exec-9] c.a.druid.pool.DruidAbstractDataSource   : discard long time none received connection. , jdbcUrl : jdbc:mysql://localhost:3306/zero?serverTimezone=UTC&tinyInt1isBit=false, version : 1.2.4, lastPacketReceivedIdleMillis : 621650
2022-02-15 00:03:24.903  INFO 89516 --- [http-nio-8080-exec-9] com.moyang.zero.auth.realm.MyRealm       : user request doGetAuthorizationInfo 鉴权........................ 
2022-02-15 00:05:12.310  INFO 89516 --- [http-nio-8080-exec-10] com.moyang.zero.auth.filter.JwtFilter    : 用户已经登录系统...
2022-02-15 00:05:12.311  INFO 89516 --- [http-nio-8080-exec-10] com.moyang.zero.auth.filter.JwtFilter    : Login ...
2022-02-15 00:05:12.311  INFO 89516 --- [http-nio-8080-exec-10] com.moyang.zero.auth.realm.MyRealm       : user request doGetAuthenticationInfo 认证........................
2022-02-15 00:05:12.316  WARN 89516 --- [http-nio-8080-exec-10] c.a.druid.pool.DruidAbstractDataSource   : discard long time none received connection. , jdbcUrl : jdbc:mysql://localhost:3306/zero?serverTimezone=UTC&tinyInt1isBit=false, version : 1.2.4, lastPacketReceivedIdleMillis : 107376
2022-02-15 00:05:12.393  INFO 89516 --- [http-nio-8080-exec-10] com.moyang.zero.auth.realm.MyRealm       : user request doGetAuthorizationInfo 鉴权........................ 
2022-02-15 00:05:12.675  INFO 89516 --- [http-nio-8080-exec-1] com.moyang.zero.auth.filter.JwtFilter    : 用户已经登录系统...
2022-02-15 00:05:12.676  INFO 89516 --- [http-nio-8080-exec-1] com.moyang.zero.auth.filter.JwtFilter    : Login ...
2022-02-15 00:05:12.676  INFO 89516 --- [http-nio-8080-exec-1] com.moyang.zero.auth.realm.MyRealm       : user request doGetAuthenticationInfo 认证........................
2022-02-15 00:05:12.699  INFO 89516 --- [http-nio-8080-exec-1] com.moyang.zero.auth.realm.MyRealm       : user request doGetAuthorizationInfo 鉴权........................ 
2022-02-15 00:06:10.060  INFO 89516 --- [http-nio-8080-exec-2] com.moyang.zero.auth.filter.JwtFilter    : 用户已经登录系统...
2022-02-15 00:06:10.060  INFO 89516 --- [http-nio-8080-exec-2] com.moyang.zero.auth.filter.JwtFilter    : Login ...
2022-02-15 00:06:10.060  INFO 89516 --- [http-nio-8080-exec-2] com.moyang.zero.auth.realm.MyRealm       : user request doGetAuthenticationInfo 认证........................
2022-02-15 00:06:10.082  INFO 89516 --- [http-nio-8080-exec-2] com.moyang.zero.auth.realm.MyRealm       : user request doGetAuthorizationInfo 鉴权........................ 
2022-02-15 00:06:10.425  INFO 89516 --- [http-nio-8080-exec-3] com.moyang.zero.auth.filter.JwtFilter    : 用户已经登录系统...
2022-02-15 00:06:10.426  INFO 89516 --- [http-nio-8080-exec-3] com.moyang.zero.auth.filter.JwtFilter    : Login ...
2022-02-15 00:06:10.426  INFO 89516 --- [http-nio-8080-exec-3] com.moyang.zero.auth.realm.MyRealm       : user request doGetAuthenticationInfo 认证........................
2022-02-15 00:06:10.447  INFO 89516 --- [http-nio-8080-exec-3] com.moyang.zero.auth.realm.MyRealm       : user request doGetAuthorizationInfo 鉴权........................ 
2022-02-15 00:12:27.700  INFO 89516 --- [http-nio-8080-exec-6] com.moyang.zero.auth.filter.JwtFilter    : 用户已经登录系统...
2022-02-15 00:12:27.701  INFO 89516 --- [http-nio-8080-exec-6] com.moyang.zero.auth.filter.JwtFilter    : Login ...
2022-02-15 00:12:27.701  INFO 89516 --- [http-nio-8080-exec-6] com.moyang.zero.auth.realm.MyRealm       : user request doGetAuthenticationInfo 认证........................
2022-02-15 00:12:27.707  WARN 89516 --- [http-nio-8080-exec-6] c.a.druid.pool.DruidAbstractDataSource   : discard long time none received connection. , jdbcUrl : jdbc:mysql://localhost:3306/zero?serverTimezone=UTC&tinyInt1isBit=false, version : 1.2.4, lastPacketReceivedIdleMillis : 377236
2022-02-15 00:12:27.797  INFO 89516 --- [http-nio-8080-exec-6] com.moyang.zero.auth.realm.MyRealm       : user request doGetAuthorizationInfo 鉴权........................ 
2022-02-15 00:12:54.062  INFO 89516 --- [http-nio-8080-exec-5] com.moyang.zero.auth.filter.JwtFilter    : 用户已经登录系统...
2022-02-15 00:12:54.064  INFO 89516 --- [http-nio-8080-exec-5] com.moyang.zero.auth.filter.JwtFilter    : Login ...
2022-02-15 00:12:54.064  INFO 89516 --- [http-nio-8080-exec-5] com.moyang.zero.auth.realm.MyRealm       : user request doGetAuthenticationInfo 认证........................
2022-02-15 00:12:54.109  INFO 89516 --- [http-nio-8080-exec-5] com.moyang.zero.auth.realm.MyRealm       : user request doGetAuthorizationInfo 鉴权........................ 
